mode: set
library-api/internal/handler/author.go:20.52,23.16 3 1
library-api/internal/handler/author.go:23.16,28.3 2 1
library-api/internal/handler/author.go:30.2,32.16 3 1
library-api/internal/handler/author.go:32.16,36.3 1 1
library-api/internal/handler/author.go:38.2,40.4 1 1
library-api/internal/handler/author.go:43.49,45.16 2 1
library-api/internal/handler/author.go:45.16,49.3 1 1
library-api/internal/handler/author.go:51.2,51.23 1 1
library-api/internal/handler/author.go:51.23,56.3 2 1
library-api/internal/handler/author.go:58.2,58.47 1 1
library-api/internal/handler/author.go:61.52,65.16 3 1
library-api/internal/handler/author.go:65.16,70.3 2 1
library-api/internal/handler/author.go:72.2,75.16 3 1
library-api/internal/handler/author.go:75.16,79.3 1 1
library-api/internal/handler/author.go:81.2,82.16 2 1
library-api/internal/handler/author.go:82.16,86.3 1 1
library-api/internal/handler/author.go:88.2,90.4 1 1
library-api/internal/handler/author.go:93.52,96.16 3 1
library-api/internal/handler/author.go:96.16,97.71 1 1
library-api/internal/handler/author.go:97.71,101.4 1 1
library-api/internal/handler/author.go:103.3,105.5 1 1
library-api/internal/handler/author.go:108.2,110.4 1 1
library-api/internal/handler/author.go:113.60,116.16 3 1
library-api/internal/handler/author.go:116.16,120.3 1 1
library-api/internal/handler/author.go:122.2,122.21 1 1
library-api/internal/handler/author.go:122.21,127.3 2 1
library-api/internal/handler/author.go:129.2,129.45 1 1
library-api/internal/handler/book.go:19.50,22.16 3 1
library-api/internal/handler/book.go:22.16,27.3 2 1
library-api/internal/handler/book.go:29.2,31.16 3 1
library-api/internal/handler/book.go:31.16,35.3 1 1
library-api/internal/handler/book.go:37.2,40.4 1 1
library-api/internal/handler/book.go:43.47,45.16 2 1
library-api/internal/handler/book.go:45.16,49.3 1 1
library-api/internal/handler/book.go:51.2,51.21 1 1
library-api/internal/handler/book.go:51.21,56.3 2 1
library-api/internal/handler/book.go:58.2,58.45 1 1
library-api/internal/handler/book.go:61.50,64.16 3 1
library-api/internal/handler/book.go:64.16,69.3 2 1
library-api/internal/handler/book.go:71.2,73.16 3 1
library-api/internal/handler/book.go:73.16,77.3 1 1
library-api/internal/handler/book.go:79.2,80.16 2 1
library-api/internal/handler/book.go:80.16,84.3 1 1
library-api/internal/handler/book.go:86.2,88.4 1 1
library-api/internal/handler/book.go:91.50,94.16 3 1
library-api/internal/handler/book.go:94.16,95.71 1 1
library-api/internal/handler/book.go:95.71,99.4 1 1
library-api/internal/handler/book.go:101.3,103.5 1 1
library-api/internal/handler/book.go:106.2,108.4 1 1
library-api/internal/handler/borrowed.go:16.54,19.16 3 1
library-api/internal/handler/borrowed.go:19.16,24.3 2 1
library-api/internal/handler/borrowed.go:26.2,27.16 2 1
library-api/internal/handler/borrowed.go:27.16,31.3 1 1
library-api/internal/handler/borrowed.go:33.2,35.4 1 1
library-api/internal/handler/borrowed.go:38.51,41.16 3 1
library-api/internal/handler/borrowed.go:41.16,45.3 1 1
library-api/internal/handler/borrowed.go:47.2,47.21 1 1
library-api/internal/handler/borrowed.go:47.21,52.3 2 1
library-api/internal/handler/borrowed.go:54.2,54.45 1 1
library-api/internal/handler/borrowed.go:57.54,61.16 4 1
library-api/internal/handler/borrowed.go:61.16,65.3 1 1
library-api/internal/handler/borrowed.go:67.2,69.4 1 1
library-api/internal/handler/borrowed.go:72.58,75.16 3 1
library-api/internal/handler/borrowed.go:75.16,80.3 2 1
library-api/internal/handler/borrowed.go:82.2,84.16 3 1
library-api/internal/handler/borrowed.go:84.16,88.3 1 1
library-api/internal/handler/borrowed.go:90.2,92.4 1 1
library-api/internal/handler/handler.go:10.78,15.2 1 1
library-api/internal/handler/handler.go:22.72,27.2 1 1
library-api/internal/handler/handler.go:34.84,39.2 1 1
library-api/internal/handler/handler.go:46.78,51.2 1 1
library-api/internal/handler/member.go:19.52,22.16 3 1
library-api/internal/handler/member.go:22.16,27.3 2 1
library-api/internal/handler/member.go:29.2,31.16 3 1
library-api/internal/handler/member.go:31.16,35.3 1 1
library-api/internal/handler/member.go:37.2,39.4 1 1
library-api/internal/handler/member.go:42.49,44.16 2 1
library-api/internal/handler/member.go:44.16,48.3 1 1
library-api/internal/handler/member.go:50.2,50.23 1 1
library-api/internal/handler/member.go:50.23,55.3 2 1
library-api/internal/handler/member.go:57.2,57.47 1 1
library-api/internal/handler/member.go:60.52,64.16 3 1
library-api/internal/handler/member.go:64.16,69.3 2 1
library-api/internal/handler/member.go:71.2,74.16 3 1
library-api/internal/handler/member.go:74.16,78.3 1 1
library-api/internal/handler/member.go:80.2,81.16 2 1
library-api/internal/handler/member.go:81.16,86.3 2 1
library-api/internal/handler/member.go:88.2,90.4 1 1
library-api/internal/handler/member.go:93.52,97.16 3 1
library-api/internal/handler/member.go:97.16,98.71 1 1
library-api/internal/handler/member.go:98.71,102.4 1 1
library-api/internal/handler/member.go:104.3,106.5 1 1
library-api/internal/handler/member.go:109.2,111.4 1 1
library-api/cmd/main.go:9.13,11.16 2 0
library-api/cmd/main.go:11.16,13.3 1 0
library-api/cmd/main.go:16.13,18.2 1 0
library-api/internal/app/generate.go:14.35,32.16 6 0
library-api/internal/app/generate.go:32.16,35.3 2 0
library-api/internal/app/generate.go:36.2,56.12 15 0
library-api/internal/app/middleware.go:9.34,23.2 5 0
library-api/internal/app/middleware.go:25.55,26.54 1 0
library-api/internal/app/middleware.go:26.54,28.3 1 0
library-api/internal/app/middleware.go:30.2,30.21 1 0
library-api/internal/app/middleware.go:33.50,35.16 2 0
library-api/internal/app/middleware.go:35.16,38.3 2 0
library-api/internal/app/middleware.go:40.2,40.66 1 0
library-api/internal/app/router.go:3.27,26.2 18 0
library-api/internal/app/server.go:24.14,28.16 3 0
library-api/internal/app/server.go:28.16,31.3 2 0
library-api/internal/app/server.go:33.2,33.12 1 0
library-api/internal/app/server.go:33.12,37.17 3 0
library-api/internal/app/server.go:37.17,40.4 2 0
library-api/internal/app/server.go:43.2,43.22 1 0
library-api/internal/app/shutdown.go:9.37,17.16 6 0
library-api/internal/app/shutdown.go:17.16,19.3 1 0
library-api/internal/app/shutdown.go:21.2,22.16 2 0
library-api/internal/app/shutdown.go:22.16,24.3 1 0
library-api/internal/app/shutdown.go:26.2,28.8 2 0
library-api/pkg/config/config.go:14.19,16.16 2 0
library-api/pkg/config/config.go:16.16,18.3 1 0
library-api/pkg/config/config.go:20.2,20.12 1 0
library-api/pkg/config/config.go:23.20,25.2 1 0
library-api/pkg/db/postgres.go:9.54,11.16 2 0
library-api/pkg/db/postgres.go:11.16,13.3 1 0
library-api/pkg/db/postgres.go:15.2,16.16 2 0
library-api/pkg/db/postgres.go:16.16,18.3 1 0
library-api/pkg/db/postgres.go:20.2,20.16 1 0
library-api/internal/store/author.go:8.53,10.16 2 1
library-api/internal/store/author.go:10.16,13.3 2 1
library-api/internal/store/author.go:14.2,17.18 3 1
library-api/internal/store/author.go:17.18,20.17 3 1
library-api/internal/store/author.go:20.17,23.4 2 1
library-api/internal/store/author.go:25.3,25.36 1 1
library-api/internal/store/author.go:28.2,28.21 1 1
library-api/internal/store/author.go:31.58,34.16 2 1
library-api/internal/store/author.go:34.16,37.3 2 1
library-api/internal/store/author.go:39.2,39.12 1 1
library-api/internal/store/author.go:42.47,44.16 2 1
library-api/internal/store/author.go:44.16,47.3 2 1
library-api/internal/store/author.go:49.2,49.18 1 1
library-api/internal/store/author.go:49.18,52.17 3 1
library-api/internal/store/author.go:52.17,55.4 2 1
library-api/internal/store/author.go:57.3,57.14 1 1
library-api/internal/store/author.go:57.14,60.4 2 1
library-api/internal/store/author.go:63.2,63.12 1 1
library-api/internal/store/author.go:66.69,69.16 2 1
library-api/internal/store/author.go:69.16,72.3 2 1
library-api/internal/store/author.go:74.2,74.12 1 1
library-api/internal/store/author.go:77.47,79.16 2 1
library-api/internal/store/author.go:79.16,82.3 2 1
library-api/internal/store/author.go:84.2,84.12 1 1
library-api/internal/store/author.go:87.68,89.16 2 1
library-api/internal/store/author.go:89.16,92.3 2 1
library-api/internal/store/author.go:94.2,95.18 2 1
library-api/internal/store/author.go:95.18,98.17 3 1
library-api/internal/store/author.go:98.17,101.4 2 1
library-api/internal/store/author.go:103.3,103.36 1 1
library-api/internal/store/author.go:106.2,106.19 1 1
library-api/internal/store/book.go:8.52,12.16 2 1
library-api/internal/store/book.go:12.16,15.3 2 1
library-api/internal/store/book.go:17.2,17.12 1 1
library-api/internal/store/book.go:20.49,22.16 2 1
library-api/internal/store/book.go:22.16,25.3 2 1
library-api/internal/store/book.go:26.2,29.18 3 1
library-api/internal/store/book.go:29.18,32.17 3 1
library-api/internal/store/book.go:32.17,35.4 2 1
library-api/internal/store/book.go:37.3,37.30 1 1
library-api/internal/store/book.go:40.2,40.19 1 1
library-api/internal/store/book.go:43.45,45.16 2 1
library-api/internal/store/book.go:45.16,48.3 2 1
library-api/internal/store/book.go:50.2,50.18 1 1
library-api/internal/store/book.go:50.18,53.17 3 1
library-api/internal/store/book.go:53.17,56.4 2 1
library-api/internal/store/book.go:58.3,58.14 1 1
library-api/internal/store/book.go:58.14,61.4 2 1
library-api/internal/store/book.go:64.2,64.12 1 1
library-api/internal/store/book.go:67.63,70.16 2 1
library-api/internal/store/book.go:70.16,73.3 2 1
library-api/internal/store/book.go:75.2,75.12 1 1
library-api/internal/store/book.go:78.45,80.16 2 1
library-api/internal/store/book.go:80.16,83.3 2 1
library-api/internal/store/book.go:84.2,84.12 1 1
library-api/internal/store/borrowed.go:9.60,12.16 2 1
library-api/internal/store/borrowed.go:12.16,18.3 2 1
library-api/internal/store/borrowed.go:20.2,20.12 1 1
library-api/internal/store/borrowed.go:23.62,29.16 2 1
library-api/internal/store/borrowed.go:29.16,34.3 2 1
library-api/internal/store/borrowed.go:35.2,38.18 3 1
library-api/internal/store/borrowed.go:38.18,43.17 4 1
library-api/internal/store/borrowed.go:43.17,48.4 2 1
library-api/internal/store/borrowed.go:50.3,54.30 2 1
library-api/internal/store/borrowed.go:57.2,57.19 1 1
library-api/internal/store/borrowed.go:60.70,63.16 2 1
library-api/internal/store/borrowed.go:63.16,69.3 2 1
library-api/internal/store/borrowed.go:71.2,71.12 1 1
library-api/internal/store/borrowed.go:74.69,77.16 2 1
library-api/internal/store/borrowed.go:77.16,82.3 2 1
library-api/internal/store/borrowed.go:83.2,83.12 1 1
library-api/internal/store/member.go:8.53,10.16 2 1
library-api/internal/store/member.go:10.16,13.3 2 1
library-api/internal/store/member.go:14.2,17.18 3 1
library-api/internal/store/member.go:17.18,20.17 3 1
library-api/internal/store/member.go:20.17,23.4 2 1
library-api/internal/store/member.go:25.3,25.36 1 1
library-api/internal/store/member.go:28.2,28.21 1 1
library-api/internal/store/member.go:31.58,33.16 2 1
library-api/internal/store/member.go:33.16,36.3 2 1
library-api/internal/store/member.go:38.2,38.12 1 1
library-api/internal/store/member.go:41.47,43.16 2 1
library-api/internal/store/member.go:43.16,46.3 2 1
library-api/internal/store/member.go:47.2,49.18 2 1
library-api/internal/store/member.go:49.18,52.17 3 1
library-api/internal/store/member.go:52.17,55.4 2 1
library-api/internal/store/member.go:57.3,57.14 1 1
library-api/internal/store/member.go:57.14,60.4 2 1
library-api/internal/store/member.go:63.2,63.12 1 1
library-api/internal/store/member.go:66.69,68.16 2 1
library-api/internal/store/member.go:68.16,71.3 2 1
library-api/internal/store/member.go:73.2,73.12 1 1
library-api/internal/store/member.go:76.47,78.16 2 1
library-api/internal/store/member.go:78.16,81.3 2 1
library-api/internal/store/member.go:83.2,83.12 1 1
library-api/internal/store/store.go:14.67,19.2 1 1
library-api/internal/store/store.go:26.63,31.2 1 1
library-api/internal/store/store.go:38.71,43.2 1 1
library-api/internal/store/store.go:50.67,55.2 1 1
